{"/Users/sagunsaluja/Desktop/assignemnt/UpdatedCode/components/activity-filter.tsx": {"path":"/Users/sagunsaluja/Desktop/assignemnt/UpdatedCode/components/activity-filter.tsx","statementMap":{"0":{"start":{"line":90,"column":0},"end":{"line":90,"column":15}},"1":{"start":{"line":6,"column":7},"end":{"line":6,"column":null}},"2":{"start":{"line":7,"column":23},"end":{"line":7,"column":null}},"3":{"start":{"line":8,"column":18},"end":{"line":8,"column":null}},"4":{"start":{"line":9,"column":31},"end":{"line":9,"column":null}},"5":{"start":{"line":15,"column":7},"end":{"line":15,"column":null}},"6":{"start":{"line":17,"column":33},"end":{"line":88,"column":null}},"7":{"start":{"line":31,"column":6},"end":{"line":31,"column":null}},"8":{"start":{"line":34,"column":4},"end":{"line":38,"column":null}},"9":{"start":{"line":90,"column":15},"end":{"line":90,"column":null}}},"fnMap":{"0":{"name":"(anonymous_2)","decl":{"start":{"line":17,"column":33},"end":{"line":17,"column":null}},"loc":{"start":{"line":17,"column":33},"end":{"line":88,"column":null}}}},"branchMap":{"0":{"loc":{"start":{"line":34,"column":4},"end":{"line":38,"column":null}},"type":"binary-expr","locations":[{"start":{"line":34,"column":4},"end":{"line":34,"column":18}},{"start":{"line":35,"column":4},"end":{"line":35,"column":null}},{"start":{"line":36,"column":4},"end":{"line":36,"column":18}},{"start":{"line":37,"column":4},"end":{"line":37,"column":null}},{"start":{"line":38,"column":4},"end":{"line":38,"column":null}}]},"1":{"loc":{"start":{"line":44,"column":9},"end":{"line":44,"column":null}},"type":"binary-expr","locations":[{"start":{"line":44,"column":9},"end":{"line":44,"column":null}}]}},"s":{"0":5,"1":1,"2":1,"3":1,"4":1,"5":1,"6":1,"7":6,"8":6,"9":1},"f":{"0":6},"b":{"0":[6,4,4,4,4],"1":[6]}}
,"/Users/sagunsaluja/Desktop/assignemnt/UpdatedCode/components/activity-table.tsx": {"path":"/Users/sagunsaluja/Desktop/assignemnt/UpdatedCode/components/activity-table.tsx","statementMap":{"0":{"start":{"line":78,"column":0},"end":{"line":78,"column":15}},"1":{"start":{"line":1,"column":24},"end":{"line":1,"column":null}},"2":{"start":{"line":2,"column":21},"end":{"line":2,"column":null}},"3":{"start":{"line":3,"column":38},"end":{"line":3,"column":null}},"4":{"start":{"line":4,"column":21},"end":{"line":4,"column":null}},"5":{"start":{"line":5,"column":25},"end":{"line":5,"column":null}},"6":{"start":{"line":6,"column":52},"end":{"line":6,"column":null}},"7":{"start":{"line":7,"column":30},"end":{"line":7,"column":null}},"8":{"start":{"line":8,"column":28},"end":{"line":8,"column":null}},"9":{"start":{"line":9,"column":22},"end":{"line":9,"column":null}},"10":{"start":{"line":11,"column":22},"end":{"line":75,"column":null}},"11":{"start":{"line":12,"column":34},"end":{"line":12,"column":null}},"12":{"start":{"line":14,"column":2},"end":{"line":34,"column":null}},"13":{"start":{"line":19,"column":12},"end":{"line":20,"column":null}},"14":{"start":{"line":36,"column":2},"end":{"line":46,"column":null}},"15":{"start":{"line":66,"column":14},"end":{"line":66,"column":40}},"16":{"start":{"line":77,"column":0},"end":{"line":77,"column":null}},"17":{"start":{"line":78,"column":15},"end":{"line":78,"column":null}}},"fnMap":{"0":{"name":"(anonymous_2)","decl":{"start":{"line":11,"column":27},"end":{"line":11,"column":null}},"loc":{"start":{"line":11,"column":27},"end":{"line":75,"column":null}}},"1":{"name":"(anonymous_3)","decl":{"start":{"line":18,"column":41},"end":{"line":18,"column":42}},"loc":{"start":{"line":19,"column":12},"end":{"line":20,"column":null}}},"2":{"name":"(anonymous_5)","decl":{"start":{"line":65,"column":13},"end":{"line":65,"column":14}},"loc":{"start":{"line":66,"column":14},"end":{"line":66,"column":40}}}},"branchMap":{"0":{"loc":{"start":{"line":14,"column":2},"end":{"line":34,"column":null}},"type":"if","locations":[{"start":{"line":14,"column":2},"end":{"line":34,"column":null}}]},"1":{"loc":{"start":{"line":14,"column":6},"end":{"line":14,"column":49}},"type":"binary-expr","locations":[{"start":{"line":14,"column":6},"end":{"line":14,"column":30}},{"start":{"line":14,"column":30},"end":{"line":14,"column":49}}]},"2":{"loc":{"start":{"line":36,"column":2},"end":{"line":46,"column":null}},"type":"if","locations":[{"start":{"line":36,"column":2},"end":{"line":46,"column":null}}]},"3":{"loc":{"start":{"line":42,"column":11},"end":{"line":42,"column":null}},"type":"binary-expr","locations":[{"start":{"line":42,"column":11},"end":{"line":42,"column":20}},{"start":{"line":42,"column":20},"end":{"line":42,"column":null}}]}},"s":{"0":3,"1":1,"2":1,"3":1,"4":1,"5":1,"6":1,"7":1,"8":1,"9":1,"10":1,"11":3,"12":3,"13":5,"14":2,"15":2,"16":1,"17":1},"f":{"0":3,"1":5,"2":2},"b":{"0":[1],"1":[3,1],"2":[1],"3":[1,0]}}
,"/Users/sagunsaluja/Desktop/assignemnt/UpdatedCode/components/dashboard.tsx": {"path":"/Users/sagunsaluja/Desktop/assignemnt/UpdatedCode/components/dashboard.tsx","statementMap":{"0":{"start":{"line":42,"column":0},"end":{"line":42,"column":15}},"1":{"start":{"line":3,"column":24},"end":{"line":3,"column":null}},"2":{"start":{"line":4,"column":31},"end":{"line":4,"column":null}},"3":{"start":{"line":6,"column":15},"end":{"line":6,"column":null}},"4":{"start":{"line":6,"column":26},"end":{"line":6,"column":null}},"5":{"start":{"line":7,"column":22},"end":{"line":7,"column":null}},"6":{"start":{"line":7,"column":33},"end":{"line":7,"column":null}},"7":{"start":{"line":8,"column":23},"end":{"line":8,"column":null}},"8":{"start":{"line":8,"column":34},"end":{"line":8,"column":null}},"9":{"start":{"line":10,"column":18},"end":{"line":40,"column":null}},"10":{"start":{"line":42,"column":15},"end":{"line":42,"column":null}}},"fnMap":{"0":{"name":"(anonymous_4)","decl":{"start":{"line":6,"column":20},"end":{"line":6,"column":26}},"loc":{"start":{"line":6,"column":26},"end":{"line":6,"column":null}}},"1":{"name":"(anonymous_5)","decl":{"start":{"line":6,"column":26},"end":{"line":6,"column":33}},"loc":{"start":{"line":6,"column":26},"end":{"line":6,"column":null}}},"2":{"name":"(anonymous_6)","decl":{"start":{"line":7,"column":27},"end":{"line":7,"column":33}},"loc":{"start":{"line":7,"column":33},"end":{"line":7,"column":null}}},"3":{"name":"(anonymous_7)","decl":{"start":{"line":7,"column":33},"end":{"line":7,"column":40}},"loc":{"start":{"line":7,"column":33},"end":{"line":7,"column":null}}},"4":{"name":"(anonymous_8)","decl":{"start":{"line":8,"column":28},"end":{"line":8,"column":34}},"loc":{"start":{"line":8,"column":34},"end":{"line":8,"column":null}}},"5":{"name":"(anonymous_9)","decl":{"start":{"line":8,"column":34},"end":{"line":8,"column":41}},"loc":{"start":{"line":8,"column":34},"end":{"line":8,"column":null}}},"6":{"name":"(anonymous_10)","decl":{"start":{"line":10,"column":18},"end":{"line":10,"column":null}},"loc":{"start":{"line":10,"column":18},"end":{"line":40,"column":null}}}},"branchMap":{},"s":{"0":3,"1":1,"2":1,"3":1,"4":2,"5":1,"6":2,"7":1,"8":2,"9":1,"10":1},"f":{"0":1,"1":1,"2":1,"3":1,"4":1,"5":1,"6":4},"b":{}}
,"/Users/sagunsaluja/Desktop/assignemnt/UpdatedCode/components/header.tsx": {"path":"/Users/sagunsaluja/Desktop/assignemnt/UpdatedCode/components/header.tsx","statementMap":{"0":{"start":{"line":16,"column":0},"end":{"line":16,"column":15}},"1":{"start":{"line":1,"column":29},"end":{"line":1,"column":null}},"2":{"start":{"line":2,"column":27},"end":{"line":2,"column":null}},"3":{"start":{"line":16,"column":15},"end":{"line":16,"column":null}}},"fnMap":{},"branchMap":{},"s":{"0":3,"1":1,"2":1,"3":1},"f":{},"b":{}}
,"/Users/sagunsaluja/Desktop/assignemnt/UpdatedCode/components/mode-toggle.tsx": {"path":"/Users/sagunsaluja/Desktop/assignemnt/UpdatedCode/components/mode-toggle.tsx","statementMap":{"0":{"start":{"line":8,"column":13},"end":{"line":8,"column":26}},"1":{"start":{"line":3,"column":41},"end":{"line":3,"column":null}},"2":{"start":{"line":4,"column":26},"end":{"line":4,"column":null}},"3":{"start":{"line":5,"column":23},"end":{"line":5,"column":null}},"4":{"start":{"line":6,"column":41},"end":{"line":6,"column":null}},"5":{"start":{"line":8,"column":26},"end":{"line":18,"column":null}},"6":{"start":{"line":9,"column":19},"end":{"line":9,"column":null}},"7":{"start":{"line":10,"column":16},"end":{"line":10,"column":null}},"8":{"start":{"line":13,"column":90},"end":{"line":13,"column":null}}},"fnMap":{"0":{"name":"(anonymous_1)","decl":{"start":{"line":8,"column":26},"end":{"line":8,"column":null}},"loc":{"start":{"line":8,"column":26},"end":{"line":18,"column":null}}},"1":{"name":"(anonymous_2)","decl":{"start":{"line":13,"column":84},"end":{"line":13,"column":90}},"loc":{"start":{"line":13,"column":90},"end":{"line":13,"column":null}}}},"branchMap":{"0":{"loc":{"start":{"line":14,"column":26},"end":{"line":14,"column":57}},"type":"cond-expr","locations":[{"start":{"line":14,"column":26},"end":{"line":14,"column":57}}]}},"s":{"0":3,"1":1,"2":1,"3":1,"4":1,"5":1,"6":3,"7":3,"8":1},"f":{"0":3,"1":1},"b":{"0":[0]}}
,"/Users/sagunsaluja/Desktop/assignemnt/UpdatedCode/components/theme-provider.tsx": {"path":"/Users/sagunsaluja/Desktop/assignemnt/UpdatedCode/components/theme-provider.tsx","statementMap":{"0":{"start":{"line":10,"column":13},"end":{"line":10,"column":29}},"1":{"start":{"line":3,"column":23},"end":{"line":3,"column":null}},"2":{"start":{"line":7,"column":7},"end":{"line":7,"column":null}},"3":{"start":{"line":8,"column":25},"end":{"line":8,"column":null}},"4":{"start":{"line":10,"column":29},"end":{"line":26,"column":null}},"5":{"start":{"line":11,"column":20},"end":{"line":11,"column":null}},"6":{"start":{"line":12,"column":32},"end":{"line":12,"column":null}},"7":{"start":{"line":14,"column":2},"end":{"line":16,"column":null}},"8":{"start":{"line":15,"column":4},"end":{"line":15,"column":null}},"9":{"start":{"line":18,"column":2},"end":{"line":20,"column":null}},"10":{"start":{"line":19,"column":4},"end":{"line":19,"column":null}}},"fnMap":{"0":{"name":"(anonymous_4)","decl":{"start":{"line":10,"column":29},"end":{"line":10,"column":30}},"loc":{"start":{"line":10,"column":72},"end":{"line":26,"column":null}}},"1":{"name":"(anonymous_5)","decl":{"start":{"line":14,"column":24},"end":{"line":14,"column":null}},"loc":{"start":{"line":14,"column":24},"end":{"line":16,"column":5}}}},"branchMap":{"0":{"loc":{"start":{"line":18,"column":2},"end":{"line":20,"column":null}},"type":"if","locations":[{"start":{"line":18,"column":2},"end":{"line":20,"column":null}}]}},"s":{"0":3,"1":1,"2":1,"3":1,"4":1,"5":6,"6":6,"7":6,"8":3,"9":6,"10":3},"f":{"0":6,"1":3},"b":{"0":[3]}}
,"/Users/sagunsaluja/Desktop/assignemnt/UpdatedCode/components/activity/activity-badge.tsx": {"path":"/Users/sagunsaluja/Desktop/assignemnt/UpdatedCode/components/activity/activity-badge.tsx","statementMap":{"0":{"start":{"line":4,"column":13},"end":{"line":4,"column":29}},"1":{"start":{"line":1,"column":22},"end":{"line":1,"column":null}},"2":{"start":{"line":4,"column":29},"end":{"line":59,"column":null}},"3":{"start":{"line":5,"column":2},"end":{"line":58,"column":null}},"4":{"start":{"line":57,"column":6},"end":{"line":57,"column":null}}},"fnMap":{"0":{"name":"(anonymous_1)","decl":{"start":{"line":4,"column":29},"end":{"line":4,"column":30}},"loc":{"start":{"line":4,"column":58},"end":{"line":59,"column":null}}}},"branchMap":{"0":{"loc":{"start":{"line":5,"column":2},"end":{"line":58,"column":null}},"type":"switch","locations":[{"start":{"line":56,"column":4},"end":{"line":57,"column":null}}]}},"s":{"0":11,"1":3,"2":3,"3":11,"4":1},"f":{"0":11},"b":{"0":[1]}}
,"/Users/sagunsaluja/Desktop/assignemnt/UpdatedCode/components/activity/activity-icon.tsx": {"path":"/Users/sagunsaluja/Desktop/assignemnt/UpdatedCode/components/activity/activity-icon.tsx","statementMap":{"0":{"start":{"line":10,"column":13},"end":{"line":10,"column":28}},"1":{"start":{"line":8,"column":7},"end":{"line":8,"column":null}},"2":{"start":{"line":10,"column":28},"end":{"line":25,"column":null}},"3":{"start":{"line":11,"column":2},"end":{"line":24,"column":null}},"4":{"start":{"line":23,"column":6},"end":{"line":23,"column":null}}},"fnMap":{"0":{"name":"(anonymous_1)","decl":{"start":{"line":10,"column":28},"end":{"line":10,"column":29}},"loc":{"start":{"line":10,"column":79},"end":{"line":25,"column":null}}}},"branchMap":{"0":{"loc":{"start":{"line":10,"column":37},"end":{"line":10,"column":58}},"type":"default-arg","locations":[{"start":{"line":10,"column":49},"end":{"line":10,"column":58}}]},"1":{"loc":{"start":{"line":11,"column":2},"end":{"line":24,"column":null}},"type":"switch","locations":[{"start":{"line":22,"column":4},"end":{"line":23,"column":null}}]}},"s":{"0":11,"1":3,"2":3,"3":11,"4":1},"f":{"0":11},"b":{"0":[11],"1":[1]}}
,"/Users/sagunsaluja/Desktop/assignemnt/UpdatedCode/components/activity/activity-row.tsx": {"path":"/Users/sagunsaluja/Desktop/assignemnt/UpdatedCode/components/activity/activity-row.tsx","statementMap":{"0":{"start":{"line":7,"column":13},"end":{"line":7,"column":27}},"1":{"start":{"line":1,"column":44},"end":{"line":1,"column":null}},"2":{"start":{"line":2,"column":21},"end":{"line":2,"column":null}},"3":{"start":{"line":3,"column":30},"end":{"line":3,"column":null}},"4":{"start":{"line":4,"column":29},"end":{"line":4,"column":null}},"5":{"start":{"line":7,"column":27},"end":{"line":39,"column":null}},"6":{"start":{"line":8,"column":2},"end":{"line":8,"column":null}},"7":{"start":{"line":9,"column":16},"end":{"line":9,"column":null}},"8":{"start":{"line":10,"column":24},"end":{"line":10,"column":null}},"9":{"start":{"line":12,"column":2},"end":{"line":14,"column":null}},"10":{"start":{"line":41,"column":0},"end":{"line":41,"column":null}}},"fnMap":{"0":{"name":"(anonymous_1)","decl":{"start":{"line":7,"column":32},"end":{"line":7,"column":33}},"loc":{"start":{"line":7,"column":58},"end":{"line":39,"column":null}}}},"branchMap":{"0":{"loc":{"start":{"line":16,"column":8},"end":{"line":16,"column":null}},"type":"cond-expr","locations":[{"start":{"line":16,"column":16},"end":{"line":16,"column":41}},{"start":{"line":16,"column":41},"end":{"line":16,"column":null}}]}},"s":{"0":5,"1":2,"2":2,"3":2,"4":2,"5":2,"6":5,"7":5,"8":5,"9":5,"10":2},"f":{"0":5},"b":{"0":[5,0]}}
,"/Users/sagunsaluja/Desktop/assignemnt/UpdatedCode/components/filter/activity-type-filter.tsx": {"path":"/Users/sagunsaluja/Desktop/assignemnt/UpdatedCode/components/filter/activity-type-filter.tsx","statementMap":{"0":{"start":{"line":27,"column":0},"end":{"line":27,"column":15}},"1":{"start":{"line":1,"column":22},"end":{"line":1,"column":null}},"2":{"start":{"line":2,"column":30},"end":{"line":2,"column":null}},"3":{"start":{"line":11,"column":8},"end":{"line":11,"column":25}},"4":{"start":{"line":15,"column":42},"end":{"line":15,"column":null}},"5":{"start":{"line":27,"column":15},"end":{"line":27,"column":null}}},"fnMap":{"0":{"name":"(anonymous_3)","decl":{"start":{"line":10,"column":25},"end":{"line":10,"column":26}},"loc":{"start":{"line":11,"column":8},"end":{"line":11,"column":25}}},"1":{"name":"(anonymous_4)","decl":{"start":{"line":15,"column":29},"end":{"line":15,"column":30}},"loc":{"start":{"line":15,"column":42},"end":{"line":15,"column":null}}}},"branchMap":{"0":{"loc":{"start":{"line":20,"column":59},"end":{"line":20,"column":null}},"type":"binary-expr","locations":[{"start":{"line":20,"column":59},"end":{"line":20,"column":75}},{"start":{"line":20,"column":79},"end":{"line":20,"column":null}}]}},"s":{"0":6,"1":1,"2":1,"3":10,"4":0,"5":1},"f":{"0":10,"1":0},"b":{"0":[10,10]}}
,"/Users/sagunsaluja/Desktop/assignemnt/UpdatedCode/components/filter/checkbox.tsx": {"path":"/Users/sagunsaluja/Desktop/assignemnt/UpdatedCode/components/filter/checkbox.tsx","statementMap":{"0":{"start":{"line":8,"column":0},"end":{"line":8,"column":15}},"1":{"start":{"line":1,"column":25},"end":{"line":1,"column":null}},"2":{"start":{"line":5,"column":68},"end":{"line":5,"column":null}},"3":{"start":{"line":8,"column":15},"end":{"line":8,"column":null}}},"fnMap":{"0":{"name":"(anonymous_2)","decl":{"start":{"line":5,"column":55},"end":{"line":5,"column":56}},"loc":{"start":{"line":5,"column":68},"end":{"line":5,"column":null}}}},"branchMap":{},"s":{"0":10,"1":1,"2":0,"3":1},"f":{"0":0},"b":{}}
,"/Users/sagunsaluja/Desktop/assignemnt/UpdatedCode/components/filter/date-picker.tsx": {"path":"/Users/sagunsaluja/Desktop/assignemnt/UpdatedCode/components/filter/date-picker.tsx","statementMap":{"0":{"start":{"line":48,"column":0},"end":{"line":48,"column":15}},"1":{"start":{"line":1,"column":23},"end":{"line":1,"column":null}},"2":{"start":{"line":2,"column":56},"end":{"line":2,"column":null}},"3":{"start":{"line":3,"column":25},"end":{"line":3,"column":null}},"4":{"start":{"line":4,"column":29},"end":{"line":4,"column":null}},"5":{"start":{"line":5,"column":23},"end":{"line":5,"column":null}},"6":{"start":{"line":7,"column":19},"end":{"line":7,"column":null}},"7":{"start":{"line":35,"column":12},"end":{"line":35,"column":null}},"8":{"start":{"line":36,"column":12},"end":{"line":38,"column":null}},"9":{"start":{"line":37,"column":14},"end":{"line":37,"column":null}},"10":{"start":{"line":48,"column":15},"end":{"line":48,"column":null}}},"fnMap":{"0":{"name":"(anonymous_2)","decl":{"start":{"line":34,"column":20},"end":{"line":34,"column":21}},"loc":{"start":{"line":34,"column":21},"end":{"line":39,"column":null}}}},"branchMap":{"0":{"loc":{"start":{"line":23,"column":12},"end":{"line":23,"column":null}},"type":"binary-expr","locations":[{"start":{"line":23,"column":12},"end":{"line":23,"column":21}},{"start":{"line":23,"column":21},"end":{"line":23,"column":null}}]},"1":{"loc":{"start":{"line":27,"column":18},"end":{"line":27,"column":39}},"type":"cond-expr","locations":[{"start":{"line":27,"column":18},"end":{"line":27,"column":39}}]},"2":{"loc":{"start":{"line":36,"column":12},"end":{"line":38,"column":null}},"type":"if","locations":[{"start":{"line":36,"column":12},"end":{"line":38,"column":null}}]}},"s":{"0":12,"1":1,"2":1,"3":1,"4":1,"5":1,"6":1,"7":0,"8":0,"9":0,"10":1},"f":{"0":0},"b":{"0":[10,10],"1":[0],"2":[0]}}
,"/Users/sagunsaluja/Desktop/assignemnt/UpdatedCode/components/filter/index.ts": {"path":"/Users/sagunsaluja/Desktop/assignemnt/UpdatedCode/components/filter/index.ts","statementMap":{"0":{"start":{"line":4,"column":20},"end":{"line":4,"column":46}},"1":{"start":{"line":1,"column":20},"end":{"line":1,"column":45}},"2":{"start":{"line":2,"column":20},"end":{"line":2,"column":38}},"3":{"start":{"line":5,"column":20},"end":{"line":5,"column":40}},"4":{"start":{"line":3,"column":20},"end":{"line":3,"column":39}},"5":{"start":{"line":1,"column":45},"end":{"line":1,"column":null}},"6":{"start":{"line":2,"column":38},"end":{"line":2,"column":null}},"7":{"start":{"line":3,"column":39},"end":{"line":3,"column":null}},"8":{"start":{"line":4,"column":46},"end":{"line":4,"column":null}},"9":{"start":{"line":5,"column":40},"end":{"line":5,"column":null}}},"fnMap":{},"branchMap":{},"s":{"0":6,"1":0,"2":12,"3":6,"4":6,"5":1,"6":1,"7":1,"8":1,"9":1},"f":{},"b":{}}
,"/Users/sagunsaluja/Desktop/assignemnt/UpdatedCode/components/filter/preset-filter.tsx": {"path":"/Users/sagunsaluja/Desktop/assignemnt/UpdatedCode/components/filter/preset-filter.tsx","statementMap":{"0":{"start":{"line":38,"column":0},"end":{"line":38,"column":15}},"1":{"start":{"line":1,"column":23},"end":{"line":1,"column":null}},"2":{"start":{"line":2,"column":30},"end":{"line":2,"column":null}},"3":{"start":{"line":8,"column":7},"end":{"line":8,"column":null}},"4":{"start":{"line":24,"column":8},"end":{"line":25,"column":null}},"5":{"start":{"line":26,"column":25},"end":{"line":26,"column":null}},"6":{"start":{"line":38,"column":15},"end":{"line":38,"column":null}}},"fnMap":{"0":{"name":"(anonymous_2)","decl":{"start":{"line":23,"column":48},"end":{"line":23,"column":49}},"loc":{"start":{"line":24,"column":8},"end":{"line":25,"column":null}}},"1":{"name":"(anonymous_3)","decl":{"start":{"line":26,"column":19},"end":{"line":26,"column":25}},"loc":{"start":{"line":26,"column":25},"end":{"line":26,"column":null}}}},"branchMap":{"0":{"loc":{"start":{"line":19,"column":9},"end":{"line":19,"column":null}},"type":"binary-expr","locations":[{"start":{"line":19,"column":9},"end":{"line":19,"column":27}},{"start":{"line":19,"column":27},"end":{"line":19,"column":null}}]},"1":{"loc":{"start":{"line":28,"column":11},"end":{"line":28,"column":null}},"type":"binary-expr","locations":[{"start":{"line":28,"column":11},"end":{"line":28,"column":null}}]}},"s":{"0":6,"1":1,"2":1,"3":1,"4":15,"5":0,"6":1},"f":{"0":15,"1":0},"b":{"0":[5,4],"1":[15]}}
,"/Users/sagunsaluja/Desktop/assignemnt/UpdatedCode/components/filter/search-input.tsx": {"path":"/Users/sagunsaluja/Desktop/assignemnt/UpdatedCode/components/filter/search-input.tsx","statementMap":{"0":{"start":{"line":20,"column":0},"end":{"line":20,"column":15}},"1":{"start":{"line":1,"column":22},"end":{"line":1,"column":null}},"2":{"start":{"line":20,"column":15},"end":{"line":20,"column":null}}},"fnMap":{},"branchMap":{},"s":{"0":6,"1":1,"2":1},"f":{},"b":{}}
,"/Users/sagunsaluja/Desktop/assignemnt/UpdatedCode/lib/consts.ts": {"path":"/Users/sagunsaluja/Desktop/assignemnt/UpdatedCode/lib/consts.ts","statementMap":{"0":{"start":{"line":3,"column":13},"end":{"line":3,"column":25}},"1":{"start":{"line":1,"column":13},"end":{"line":1,"column":23}},"2":{"start":{"line":2,"column":13},"end":{"line":2,"column":29}},"3":{"start":{"line":1,"column":26},"end":{"line":1,"column":null}},"4":{"start":{"line":2,"column":32},"end":{"line":2,"column":null}},"5":{"start":{"line":3,"column":28},"end":{"line":3,"column":null}}},"fnMap":{},"branchMap":{"0":{"loc":{"start":{"line":1,"column":26},"end":{"line":1,"column":null}},"type":"binary-expr","locations":[{"start":{"line":1,"column":26},"end":{"line":1,"column":60}},{"start":{"line":1,"column":64},"end":{"line":1,"column":null}}]}},"s":{"0":3,"1":4,"2":1,"3":5,"4":5,"5":5},"f":{},"b":{"0":[5,0]}}
,"/Users/sagunsaluja/Desktop/assignemnt/UpdatedCode/lib/hooks.ts": {"path":"/Users/sagunsaluja/Desktop/assignemnt/UpdatedCode/lib/hooks.ts","statementMap":{"0":{"start":{"line":8,"column":13},"end":{"line":8,"column":27}},"1":{"start":{"line":11,"column":13},"end":{"line":11,"column":27}},"2":{"start":{"line":14,"column":13},"end":{"line":14,"column":32}},"3":{"start":{"line":20,"column":13},"end":{"line":20,"column":29}},"4":{"start":{"line":2,"column":63},"end":{"line":2,"column":null}},"5":{"start":{"line":4,"column":24},"end":{"line":4,"column":null}},"6":{"start":{"line":5,"column":34},"end":{"line":5,"column":null}},"7":{"start":{"line":8,"column":30},"end":{"line":8,"column":null}},"8":{"start":{"line":8,"column":36},"end":{"line":8,"column":null}},"9":{"start":{"line":11,"column":63},"end":{"line":11,"column":74}},"10":{"start":{"line":14,"column":35},"end":{"line":17,"column":null}},"11":{"start":{"line":15,"column":19},"end":{"line":15,"column":null}},"12":{"start":{"line":16,"column":2},"end":{"line":16,"column":null}},"13":{"start":{"line":16,"column":23},"end":{"line":16,"column":33}},"14":{"start":{"line":20,"column":32},"end":{"line":27,"column":null}},"15":{"start":{"line":21,"column":19},"end":{"line":21,"column":null}},"16":{"start":{"line":22,"column":2},"end":{"line":26,"column":null}},"17":{"start":{"line":25,"column":21},"end":{"line":25,"column":null}}},"fnMap":{"0":{"name":"(anonymous_5)","decl":{"start":{"line":8,"column":30},"end":{"line":8,"column":36}},"loc":{"start":{"line":8,"column":36},"end":{"line":8,"column":null}}},"1":{"name":"(anonymous_6)","decl":{"start":{"line":14,"column":35},"end":{"line":14,"column":null}},"loc":{"start":{"line":14,"column":35},"end":{"line":17,"column":null}}},"2":{"name":"(anonymous_7)","decl":{"start":{"line":16,"column":17},"end":{"line":16,"column":23}},"loc":{"start":{"line":16,"column":23},"end":{"line":16,"column":33}}},"3":{"name":"(anonymous_8)","decl":{"start":{"line":20,"column":32},"end":{"line":20,"column":null}},"loc":{"start":{"line":20,"column":32},"end":{"line":27,"column":null}}},"4":{"name":"(anonymous_9)","decl":{"start":{"line":25,"column":15},"end":{"line":25,"column":21}},"loc":{"start":{"line":25,"column":21},"end":{"line":25,"column":null}}}},"branchMap":{},"s":{"0":0,"1":0,"2":0,"3":0,"4":2,"5":2,"6":2,"7":2,"8":0,"9":2,"10":2,"11":0,"12":0,"13":0,"14":2,"15":0,"16":0,"17":0},"f":{"0":0,"1":0,"2":0,"3":0,"4":0},"b":{}}
,"/Users/sagunsaluja/Desktop/assignemnt/UpdatedCode/lib/store.ts": {"path":"/Users/sagunsaluja/Desktop/assignemnt/UpdatedCode/lib/store.ts","statementMap":{"0":{"start":{"line":5,"column":13},"end":{"line":5,"column":21}},"1":{"start":{"line":1,"column":31},"end":{"line":1,"column":null}},"2":{"start":{"line":2,"column":22},"end":{"line":2,"column":null}},"3":{"start":{"line":3,"column":32},"end":{"line":3,"column":null}},"4":{"start":{"line":5,"column":21},"end":{"line":10,"column":null}}},"fnMap":{},"branchMap":{},"s":{"0":0,"1":0,"2":0,"3":0,"4":0},"f":{},"b":{}}
,"/Users/sagunsaluja/Desktop/assignemnt/UpdatedCode/lib/utils.ts": {"path":"/Users/sagunsaluja/Desktop/assignemnt/UpdatedCode/lib/utils.ts","statementMap":{"0":{"start":{"line":4,"column":16},"end":{"line":4,"column":19}},"1":{"start":{"line":1,"column":38},"end":{"line":1,"column":null}},"2":{"start":{"line":2,"column":24},"end":{"line":2,"column":null}},"3":{"start":{"line":5,"column":2},"end":{"line":5,"column":null}}},"fnMap":{"0":{"name":"cn","decl":{"start":{"line":4,"column":16},"end":{"line":4,"column":19}},"loc":{"start":{"line":4,"column":42},"end":{"line":6,"column":null}}}},"branchMap":{},"s":{"0":149,"1":5,"2":5,"3":149},"f":{"0":149},"b":{}}
,"/Users/sagunsaluja/Desktop/assignemnt/UpdatedCode/lib/features/uiSlice.ts": {"path":"/Users/sagunsaluja/Desktop/assignemnt/UpdatedCode/lib/features/uiSlice.ts","statementMap":{"0":{"start":{"line":65,"column":0},"end":{"line":65,"column":15}},"1":{"start":{"line":63,"column":13},"end":{"line":63,"column":24}},"2":{"start":{"line":61,"column":15},"end":{"line":61,"column":23}},"3":{"start":{"line":61,"column":25},"end":{"line":61,"column":36}},"4":{"start":{"line":1,"column":48},"end":{"line":1,"column":null}},"5":{"start":{"line":6,"column":24},"end":{"line":20,"column":null}},"6":{"start":{"line":7,"column":2},"end":{"line":17,"column":null}},"7":{"start":{"line":8,"column":23},"end":{"line":8,"column":null}},"8":{"start":{"line":9,"column":4},"end":{"line":11,"column":null}},"9":{"start":{"line":10,"column":6},"end":{"line":10,"column":null}},"10":{"start":{"line":14,"column":4},"end":{"line":16,"column":null}},"11":{"start":{"line":15,"column":6},"end":{"line":15,"column":null}},"12":{"start":{"line":19,"column":2},"end":{"line":19,"column":null}},"13":{"start":{"line":22,"column":30},"end":{"line":24,"column":null}},"14":{"start":{"line":26,"column":16},"end":{"line":59,"column":null}},"15":{"start":{"line":31,"column":6},"end":{"line":31,"column":null}},"16":{"start":{"line":32,"column":6},"end":{"line":41,"column":null}},"17":{"start":{"line":33,"column":8},"end":{"line":33,"column":null}},"18":{"start":{"line":36,"column":8},"end":{"line":40,"column":null}},"19":{"start":{"line":37,"column":10},"end":{"line":37,"column":null}},"20":{"start":{"line":39,"column":10},"end":{"line":39,"column":null}},"21":{"start":{"line":44,"column":23},"end":{"line":44,"column":null}},"22":{"start":{"line":45,"column":6},"end":{"line":45,"column":null}},"23":{"start":{"line":47,"column":6},"end":{"line":56,"column":null}},"24":{"start":{"line":48,"column":8},"end":{"line":48,"column":null}},"25":{"start":{"line":51,"column":8},"end":{"line":55,"column":null}},"26":{"start":{"line":52,"column":10},"end":{"line":52,"column":null}},"27":{"start":{"line":54,"column":10},"end":{"line":54,"column":null}},"28":{"start":{"line":61,"column":41},"end":{"line":61,"column":56}},"29":{"start":{"line":63,"column":27},"end":{"line":63,"column":63}},"30":{"start":{"line":63,"column":49},"end":{"line":63,"column":63}},"31":{"start":{"line":65,"column":15},"end":{"line":65,"column":30}}},"fnMap":{"0":{"name":"(anonymous_5)","decl":{"start":{"line":6,"column":24},"end":{"line":6,"column":null}},"loc":{"start":{"line":6,"column":24},"end":{"line":20,"column":null}}},"1":{"name":"(anonymous_6)","decl":{"start":{"line":30,"column":14},"end":{"line":30,"column":15}},"loc":{"start":{"line":30,"column":22},"end":{"line":42,"column":null}}},"2":{"name":"(anonymous_7)","decl":{"start":{"line":43,"column":17},"end":{"line":43,"column":18}},"loc":{"start":{"line":43,"column":18},"end":{"line":57,"column":null}}},"3":{"name":"(anonymous_8)","decl":{"start":{"line":63,"column":27},"end":{"line":63,"column":28}},"loc":{"start":{"line":63,"column":49},"end":{"line":63,"column":63}}}},"branchMap":{"0":{"loc":{"start":{"line":7,"column":2},"end":{"line":17,"column":null}},"type":"if","locations":[{"start":{"line":7,"column":2},"end":{"line":17,"column":null}}]},"1":{"loc":{"start":{"line":9,"column":4},"end":{"line":11,"column":null}},"type":"if","locations":[{"start":{"line":9,"column":4},"end":{"line":11,"column":null}}]},"2":{"loc":{"start":{"line":9,"column":8},"end":{"line":9,"column":57}},"type":"binary-expr","locations":[{"start":{"line":9,"column":8},"end":{"line":9,"column":34}},{"start":{"line":9,"column":34},"end":{"line":9,"column":57}}]},"3":{"loc":{"start":{"line":14,"column":4},"end":{"line":16,"column":null}},"type":"if","locations":[{"start":{"line":14,"column":4},"end":{"line":16,"column":null}}]},"4":{"loc":{"start":{"line":32,"column":6},"end":{"line":41,"column":null}},"type":"if","locations":[{"start":{"line":32,"column":6},"end":{"line":41,"column":null}}]},"5":{"loc":{"start":{"line":36,"column":8},"end":{"line":40,"column":null}},"type":"if","locations":[{"start":{"line":36,"column":8},"end":{"line":40,"column":null}},{"start":{"line":38,"column":15},"end":{"line":40,"column":null}}]},"6":{"loc":{"start":{"line":44,"column":23},"end":{"line":44,"column":null}},"type":"cond-expr","locations":[{"start":{"line":44,"column":49},"end":{"line":44,"column":58}},{"start":{"line":44,"column":58},"end":{"line":44,"column":null}}]},"7":{"loc":{"start":{"line":47,"column":6},"end":{"line":56,"column":null}},"type":"if","locations":[{"start":{"line":47,"column":6},"end":{"line":56,"column":null}}]},"8":{"loc":{"start":{"line":51,"column":8},"end":{"line":55,"column":null}},"type":"if","locations":[{"start":{"line":51,"column":8},"end":{"line":55,"column":null}},{"start":{"line":53,"column":15},"end":{"line":55,"column":null}}]}},"s":{"0":4,"1":3,"2":1,"3":4,"4":2,"5":2,"6":2,"7":2,"8":2,"9":0,"10":2,"11":0,"12":2,"13":2,"14":2,"15":1,"16":1,"17":1,"18":1,"19":1,"20":0,"21":2,"22":2,"23":2,"24":2,"25":2,"26":1,"27":1,"28":2,"29":2,"30":6,"31":2},"f":{"0":2,"1":1,"2":2,"3":6},"b":{"0":[2],"1":[0],"2":[2,2],"3":[0],"4":[1],"5":[1,0],"6":[1,1],"7":[2],"8":[1,1]}}
,"/Users/sagunsaluja/Desktop/assignemnt/UpdatedCode/lib/features/userActivity/index.ts": {"path":"/Users/sagunsaluja/Desktop/assignemnt/UpdatedCode/lib/features/userActivity/index.ts","statementMap":{"0":{"start":{"line":20,"column":2},"end":{"line":20,"column":null}},"1":{"start":{"line":44,"column":0},"end":{"line":44,"column":15}},"2":{"start":{"line":26,"column":2},"end":{"line":26,"column":null}},"3":{"start":{"line":24,"column":2},"end":{"line":24,"column":null}},"4":{"start":{"line":31,"column":2},"end":{"line":31,"column":null}},"5":{"start":{"line":30,"column":2},"end":{"line":30,"column":null}},"6":{"start":{"line":29,"column":2},"end":{"line":29,"column":null}},"7":{"start":{"line":33,"column":2},"end":{"line":33,"column":null}},"8":{"start":{"line":32,"column":2},"end":{"line":32,"column":null}},"9":{"start":{"line":34,"column":2},"end":{"line":34,"column":null}},"10":{"start":{"line":35,"column":2},"end":{"line":35,"column":null}},"11":{"start":{"line":21,"column":2},"end":{"line":21,"column":null}},"12":{"start":{"line":19,"column":2},"end":{"line":19,"column":null}},"13":{"start":{"line":18,"column":2},"end":{"line":18,"column":null}},"14":{"start":{"line":17,"column":2},"end":{"line":17,"column":null}},"15":{"start":{"line":25,"column":2},"end":{"line":25,"column":null}},"16":{"start":{"line":2,"column":94},"end":{"line":2,"column":null}},"17":{"start":{"line":3,"column":75},"end":{"line":3,"column":null}},"18":{"start":{"line":12,"column":7},"end":{"line":12,"column":null}},"19":{"start":{"line":44,"column":15},"end":{"line":44,"column":22}}},"fnMap":{},"branchMap":{},"s":{"0":0,"1":0,"2":0,"3":0,"4":0,"5":0,"6":0,"7":0,"8":0,"9":0,"10":0,"11":0,"12":0,"13":0,"14":0,"15":0,"16":2,"17":2,"18":2,"19":2},"f":{},"b":{}}
,"/Users/sagunsaluja/Desktop/assignemnt/UpdatedCode/lib/features/userActivity/userActivitySelector.ts": {"path":"/Users/sagunsaluja/Desktop/assignemnt/UpdatedCode/lib/features/userActivity/userActivitySelector.ts","statementMap":{"0":{"start":{"line":20,"column":13},"end":{"line":20,"column":32}},"1":{"start":{"line":19,"column":13},"end":{"line":19,"column":33}},"2":{"start":{"line":16,"column":13},"end":{"line":16,"column":26}},"3":{"start":{"line":24,"column":13},"end":{"line":24,"column":31}},"4":{"start":{"line":21,"column":13},"end":{"line":21,"column":26}},"5":{"start":{"line":62,"column":13},"end":{"line":62,"column":26}},"6":{"start":{"line":69,"column":13},"end":{"line":69,"column":34}},"7":{"start":{"line":103,"column":13},"end":{"line":103,"column":34}},"8":{"start":{"line":96,"column":13},"end":{"line":96,"column":29}},"9":{"start":{"line":89,"column":13},"end":{"line":89,"column":31}},"10":{"start":{"line":1,"column":31},"end":{"line":1,"column":null}},"11":{"start":{"line":3,"column":32},"end":{"line":3,"column":null}},"12":{"start":{"line":7,"column":25},"end":{"line":7,"column":null}},"13":{"start":{"line":10,"column":28},"end":{"line":10,"column":73}},"14":{"start":{"line":10,"column":50},"end":{"line":10,"column":73}},"15":{"start":{"line":11,"column":19},"end":{"line":11,"column":63}},"16":{"start":{"line":11,"column":41},"end":{"line":11,"column":63}},"17":{"start":{"line":12,"column":18},"end":{"line":12,"column":61}},"18":{"start":{"line":12,"column":40},"end":{"line":12,"column":61}},"19":{"start":{"line":13,"column":17},"end":{"line":13,"column":59}},"20":{"start":{"line":13,"column":39},"end":{"line":13,"column":59}},"21":{"start":{"line":16,"column":29},"end":{"line":17,"column":null}},"22":{"start":{"line":17,"column":2},"end":{"line":17,"column":null}},"23":{"start":{"line":19,"column":36},"end":{"line":19,"column":null}},"24":{"start":{"line":20,"column":35},"end":{"line":20,"column":null}},"25":{"start":{"line":21,"column":29},"end":{"line":21,"column":null}},"26":{"start":{"line":24,"column":34},"end":{"line":58,"column":null}},"27":{"start":{"line":27,"column":19},"end":{"line":27,"column":null}},"28":{"start":{"line":30,"column":4},"end":{"line":32,"column":null}},"29":{"start":{"line":31,"column":6},"end":{"line":31,"column":null}},"30":{"start":{"line":31,"column":40},"end":{"line":31,"column":null}},"31":{"start":{"line":35,"column":4},"end":{"line":39,"column":null}},"32":{"start":{"line":36,"column":6},"end":{"line":37,"column":null}},"33":{"start":{"line":37,"column":8},"end":{"line":37,"column":null}},"34":{"start":{"line":41,"column":4},"end":{"line":45,"column":null}},"35":{"start":{"line":42,"column":6},"end":{"line":43,"column":null}},"36":{"start":{"line":43,"column":8},"end":{"line":43,"column":null}},"37":{"start":{"line":48,"column":4},"end":{"line":55,"column":null}},"38":{"start":{"line":49,"column":26},"end":{"line":49,"column":null}},"39":{"start":{"line":50,"column":6},"end":{"line":53,"column":null}},"40":{"start":{"line":51,"column":8},"end":{"line":53,"column":null}},"41":{"start":{"line":57,"column":4},"end":{"line":57,"column":null}},"42":{"start":{"line":62,"column":29},"end":{"line":65,"column":null}},"43":{"start":{"line":63,"column":2},"end":{"line":65,"column":null}},"44":{"start":{"line":65,"column":18},"end":{"line":65,"column":30}},"45":{"start":{"line":69,"column":37},"end":{"line":85,"column":null}},"46":{"start":{"line":72,"column":49},"end":{"line":78,"column":null}},"47":{"start":{"line":80,"column":4},"end":{"line":82,"column":null}},"48":{"start":{"line":81,"column":6},"end":{"line":81,"column":null}},"49":{"start":{"line":84,"column":4},"end":{"line":84,"column":null}},"50":{"start":{"line":89,"column":34},"end":{"line":92,"column":null}},"51":{"start":{"line":90,"column":2},"end":{"line":92,"column":null}},"52":{"start":{"line":92,"column":14},"end":{"line":92,"column":null}},"53":{"start":{"line":92,"column":33},"end":{"line":92,"column":null}},"54":{"start":{"line":96,"column":32},"end":{"line":99,"column":null}},"55":{"start":{"line":97,"column":2},"end":{"line":99,"column":null}},"56":{"start":{"line":99,"column":14},"end":{"line":99,"column":null}},"57":{"start":{"line":99,"column":33},"end":{"line":99,"column":null}},"58":{"start":{"line":103,"column":37},"end":{"line":108,"column":null}},"59":{"start":{"line":104,"column":2},"end":{"line":108,"column":null}},"60":{"start":{"line":106,"column":14},"end":{"line":108,"column":null}},"61":{"start":{"line":107,"column":6},"end":{"line":108,"column":null}}},"fnMap":{"0":{"name":"(anonymous_11)","decl":{"start":{"line":10,"column":28},"end":{"line":10,"column":29}},"loc":{"start":{"line":10,"column":50},"end":{"line":10,"column":73}}},"1":{"name":"(anonymous_12)","decl":{"start":{"line":11,"column":19},"end":{"line":11,"column":20}},"loc":{"start":{"line":11,"column":41},"end":{"line":11,"column":63}}},"2":{"name":"(anonymous_13)","decl":{"start":{"line":12,"column":18},"end":{"line":12,"column":19}},"loc":{"start":{"line":12,"column":40},"end":{"line":12,"column":61}}},"3":{"name":"(anonymous_14)","decl":{"start":{"line":13,"column":17},"end":{"line":13,"column":18}},"loc":{"start":{"line":13,"column":39},"end":{"line":13,"column":59}}},"4":{"name":"(anonymous_15)","decl":{"start":{"line":16,"column":29},"end":{"line":16,"column":30}},"loc":{"start":{"line":17,"column":2},"end":{"line":17,"column":null}}},"5":{"name":"(anonymous_16)","decl":{"start":{"line":26,"column":2},"end":{"line":26,"column":3}},"loc":{"start":{"line":26,"column":9},"end":{"line":58,"column":null}}},"6":{"name":"(anonymous_17)","decl":{"start":{"line":31,"column":33},"end":{"line":31,"column":40}},"loc":{"start":{"line":31,"column":40},"end":{"line":31,"column":null}}},"7":{"name":"(anonymous_18)","decl":{"start":{"line":36,"column":33},"end":{"line":36,"column":null}},"loc":{"start":{"line":37,"column":8},"end":{"line":37,"column":null}}},"8":{"name":"(anonymous_19)","decl":{"start":{"line":42,"column":33},"end":{"line":42,"column":null}},"loc":{"start":{"line":43,"column":8},"end":{"line":43,"column":null}}},"9":{"name":"(anonymous_20)","decl":{"start":{"line":50,"column":33},"end":{"line":50,"column":null}},"loc":{"start":{"line":51,"column":8},"end":{"line":53,"column":null}}},"10":{"name":"(anonymous_21)","decl":{"start":{"line":62,"column":29},"end":{"line":62,"column":30}},"loc":{"start":{"line":63,"column":2},"end":{"line":65,"column":null}}},"11":{"name":"(anonymous_22)","decl":{"start":{"line":65,"column":4},"end":{"line":65,"column":5}},"loc":{"start":{"line":65,"column":18},"end":{"line":65,"column":30}}},"12":{"name":"(anonymous_23)","decl":{"start":{"line":71,"column":2},"end":{"line":71,"column":3}},"loc":{"start":{"line":71,"column":3},"end":{"line":85,"column":null}}},"13":{"name":"(anonymous_24)","decl":{"start":{"line":80,"column":17},"end":{"line":80,"column":null}},"loc":{"start":{"line":80,"column":17},"end":{"line":82,"column":null}}},"14":{"name":"(anonymous_25)","decl":{"start":{"line":89,"column":34},"end":{"line":89,"column":35}},"loc":{"start":{"line":90,"column":2},"end":{"line":92,"column":null}}},"15":{"name":"(anonymous_26)","decl":{"start":{"line":92,"column":4},"end":{"line":92,"column":5}},"loc":{"start":{"line":92,"column":14},"end":{"line":92,"column":null}}},"16":{"name":"(anonymous_27)","decl":{"start":{"line":92,"column":26},"end":{"line":92,"column":33}},"loc":{"start":{"line":92,"column":33},"end":{"line":92,"column":null}}},"17":{"name":"(anonymous_28)","decl":{"start":{"line":96,"column":32},"end":{"line":96,"column":33}},"loc":{"start":{"line":97,"column":2},"end":{"line":99,"column":null}}},"18":{"name":"(anonymous_29)","decl":{"start":{"line":99,"column":4},"end":{"line":99,"column":5}},"loc":{"start":{"line":99,"column":14},"end":{"line":99,"column":null}}},"19":{"name":"(anonymous_30)","decl":{"start":{"line":99,"column":26},"end":{"line":99,"column":33}},"loc":{"start":{"line":99,"column":33},"end":{"line":99,"column":null}}},"20":{"name":"(anonymous_31)","decl":{"start":{"line":103,"column":37},"end":{"line":103,"column":38}},"loc":{"start":{"line":104,"column":2},"end":{"line":108,"column":null}}},"21":{"name":"(anonymous_32)","decl":{"start":{"line":106,"column":4},"end":{"line":106,"column":5}},"loc":{"start":{"line":106,"column":14},"end":{"line":108,"column":null}}},"22":{"name":"(anonymous_33)","decl":{"start":{"line":106,"column":26},"end":{"line":106,"column":null}},"loc":{"start":{"line":107,"column":6},"end":{"line":108,"column":null}}}},"branchMap":{"0":{"loc":{"start":{"line":30,"column":4},"end":{"line":32,"column":null}},"type":"if","locations":[{"start":{"line":30,"column":4},"end":{"line":32,"column":null}}]},"1":{"loc":{"start":{"line":35,"column":4},"end":{"line":39,"column":null}},"type":"if","locations":[{"start":{"line":35,"column":4},"end":{"line":39,"column":null}}]},"2":{"loc":{"start":{"line":41,"column":4},"end":{"line":45,"column":null}},"type":"if","locations":[{"start":{"line":41,"column":4},"end":{"line":45,"column":null}}]},"3":{"loc":{"start":{"line":48,"column":4},"end":{"line":55,"column":null}},"type":"if","locations":[{"start":{"line":48,"column":4},"end":{"line":55,"column":null}}]},"4":{"loc":{"start":{"line":51,"column":8},"end":{"line":53,"column":null}},"type":"binary-expr","locations":[{"start":{"line":51,"column":8},"end":{"line":51,"column":null}},{"start":{"line":52,"column":8},"end":{"line":52,"column":null}},{"start":{"line":53,"column":8},"end":{"line":53,"column":null}}]},"5":{"loc":{"start":{"line":107,"column":6},"end":{"line":108,"column":null}},"type":"binary-expr","locations":[{"start":{"line":107,"column":6},"end":{"line":107,"column":null}},{"start":{"line":108,"column":6},"end":{"line":108,"column":null}}]}},"s":{"0":0,"1":0,"2":1,"3":3,"4":0,"5":1,"6":1,"7":1,"8":1,"9":1,"10":3,"11":3,"12":3,"13":3,"14":2,"15":3,"16":4,"17":3,"18":0,"19":3,"20":0,"21":3,"22":13,"23":3,"24":3,"25":3,"26":3,"27":3,"28":3,"29":1,"30":3,"31":3,"32":1,"33":3,"34":3,"35":1,"36":2,"37":3,"38":1,"39":1,"40":3,"41":3,"42":3,"43":1,"44":1,"45":3,"46":1,"47":1,"48":3,"49":1,"50":3,"51":1,"52":1,"53":3,"54":3,"55":1,"56":1,"57":3,"58":3,"59":1,"60":1,"61":3},"f":{"0":2,"1":4,"2":0,"3":0,"4":13,"5":3,"6":3,"7":3,"8":2,"9":3,"10":1,"11":1,"12":1,"13":3,"14":1,"15":1,"16":3,"17":1,"18":1,"19":3,"20":1,"21":1,"22":3},"b":{"0":[1],"1":[1],"2":[1],"3":[1],"4":[3,2,2],"5":[3,2]}}
,"/Users/sagunsaluja/Desktop/assignemnt/UpdatedCode/lib/features/userActivity/userActivitySlice.ts": {"path":"/Users/sagunsaluja/Desktop/assignemnt/UpdatedCode/lib/features/userActivity/userActivitySlice.ts","statementMap":{"0":{"start":{"line":10,"column":13},"end":{"line":10,"column":28}},"1":{"start":{"line":115,"column":2},"end":{"line":115,"column":16}},"2":{"start":{"line":122,"column":2},"end":{"line":122,"column":14}},"3":{"start":{"line":126,"column":0},"end":{"line":126,"column":15}},"4":{"start":{"line":116,"column":2},"end":{"line":116,"column":15}},"5":{"start":{"line":118,"column":2},"end":{"line":118,"column":10}},"6":{"start":{"line":117,"column":2},"end":{"line":117,"column":12}},"7":{"start":{"line":123,"column":2},"end":{"line":123,"column":11}},"8":{"start":{"line":121,"column":2},"end":{"line":121,"column":15}},"9":{"start":{"line":120,"column":2},"end":{"line":120,"column":14}},"10":{"start":{"line":119,"column":2},"end":{"line":119,"column":16}},"11":{"start":{"line":5,"column":7},"end":{"line":5,"column":null}},"12":{"start":{"line":7,"column":57},"end":{"line":7,"column":null}},"13":{"start":{"line":10,"column":31},"end":{"line":14,"column":null}},"14":{"start":{"line":13,"column":4},"end":{"line":13,"column":null}},"15":{"start":{"line":17,"column":21},"end":{"line":31,"column":null}},"16":{"start":{"line":34,"column":22},"end":{"line":111,"column":null}},"17":{"start":{"line":40,"column":6},"end":{"line":40,"column":null}},"18":{"start":{"line":45,"column":6},"end":{"line":45,"column":null}},"19":{"start":{"line":53,"column":6},"end":{"line":53,"column":null}},"20":{"start":{"line":56,"column":6},"end":{"line":56,"column":null}},"21":{"start":{"line":62,"column":6},"end":{"line":62,"column":null}},"22":{"start":{"line":65,"column":6},"end":{"line":65,"column":null}},"23":{"start":{"line":68,"column":6},"end":{"line":76,"column":null}},"24":{"start":{"line":81,"column":6},"end":{"line":81,"column":null}},"25":{"start":{"line":84,"column":6},"end":{"line":84,"column":null}},"26":{"start":{"line":88,"column":4},"end":{"line":109,"column":null}},"27":{"start":{"line":91,"column":8},"end":{"line":91,"column":null}},"28":{"start":{"line":94,"column":8},"end":{"line":94,"column":null}},"29":{"start":{"line":95,"column":8},"end":{"line":95,"column":55}},"30":{"start":{"line":96,"column":8},"end":{"line":96,"column":33}},"31":{"start":{"line":99,"column":8},"end":{"line":99,"column":null}},"32":{"start":{"line":100,"column":8},"end":{"line":100,"column":48}},"33":{"start":{"line":104,"column":8},"end":{"line":104,"column":36}},"34":{"start":{"line":107,"column":8},"end":{"line":107,"column":33}},"35":{"start":{"line":108,"column":8},"end":{"line":108,"column":44}},"36":{"start":{"line":124,"column":4},"end":{"line":124,"column":25}},"37":{"start":{"line":126,"column":15},"end":{"line":126,"column":36}}},"fnMap":{"0":{"name":"(anonymous_12)","decl":{"start":{"line":12,"column":16},"end":{"line":12,"column":17}},"loc":{"start":{"line":13,"column":4},"end":{"line":13,"column":null}}},"1":{"name":"(anonymous_13)","decl":{"start":{"line":39,"column":20},"end":{"line":39,"column":21}},"loc":{"start":{"line":39,"column":28},"end":{"line":41,"column":null}}},"2":{"name":"(anonymous_14)","decl":{"start":{"line":44,"column":19},"end":{"line":44,"column":20}},"loc":{"start":{"line":44,"column":27},"end":{"line":46,"column":null}}},"3":{"name":"(anonymous_15)","decl":{"start":{"line":49,"column":20},"end":{"line":49,"column":null}},"loc":{"start":{"line":51,"column":6},"end":{"line":54,"column":null}}},"4":{"name":"(anonymous_16)","decl":{"start":{"line":55,"column":15},"end":{"line":55,"column":16}},"loc":{"start":{"line":55,"column":23},"end":{"line":57,"column":null}}},"5":{"name":"(anonymous_17)","decl":{"start":{"line":58,"column":18},"end":{"line":58,"column":null}},"loc":{"start":{"line":60,"column":6},"end":{"line":63,"column":null}}},"6":{"name":"(anonymous_18)","decl":{"start":{"line":64,"column":19},"end":{"line":64,"column":20}},"loc":{"start":{"line":64,"column":27},"end":{"line":66,"column":null}}},"7":{"name":"(anonymous_19)","decl":{"start":{"line":67,"column":18},"end":{"line":67,"column":19}},"loc":{"start":{"line":67,"column":19},"end":{"line":77,"column":null}}},"8":{"name":"(anonymous_20)","decl":{"start":{"line":80,"column":16},"end":{"line":80,"column":17}},"loc":{"start":{"line":80,"column":24},"end":{"line":82,"column":null}}},"9":{"name":"(anonymous_21)","decl":{"start":{"line":83,"column":14},"end":{"line":83,"column":15}},"loc":{"start":{"line":83,"column":22},"end":{"line":85,"column":null}}},"10":{"name":"(anonymous_22)","decl":{"start":{"line":87,"column":17},"end":{"line":87,"column":18}},"loc":{"start":{"line":87,"column":18},"end":{"line":110,"column":null}}},"11":{"name":"(anonymous_23)","decl":{"start":{"line":90,"column":42},"end":{"line":90,"column":43}},"loc":{"start":{"line":90,"column":43},"end":{"line":92,"column":null}}},"12":{"name":"(anonymous_24)","decl":{"start":{"line":93,"column":44},"end":{"line":93,"column":45}},"loc":{"start":{"line":93,"column":52},"end":{"line":97,"column":null}}},"13":{"name":"(anonymous_25)","decl":{"start":{"line":98,"column":43},"end":{"line":98,"column":44}},"loc":{"start":{"line":98,"column":51},"end":{"line":101,"column":null}}},"14":{"name":"(anonymous_26)","decl":{"start":{"line":103,"column":48},"end":{"line":103,"column":49}},"loc":{"start":{"line":103,"column":49},"end":{"line":105,"column":null}}},"15":{"name":"(anonymous_27)","decl":{"start":{"line":106,"column":47},"end":{"line":106,"column":48}},"loc":{"start":{"line":106,"column":55},"end":{"line":109,"column":null}}}},"branchMap":{"0":{"loc":{"start":{"line":81,"column":21},"end":{"line":81,"column":null}},"type":"cond-expr","locations":[{"start":{"line":81,"column":38},"end":{"line":81,"column":50}},{"start":{"line":81,"column":50},"end":{"line":81,"column":null}}]}},"s":{"0":3,"1":1,"2":1,"3":18,"4":1,"5":1,"6":1,"7":1,"8":1,"9":1,"10":1,"11":5,"12":5,"13":5,"14":3,"15":5,"16":5,"17":1,"18":1,"19":1,"20":1,"21":1,"22":1,"23":1,"24":1,"25":1,"26":2,"27":3,"28":2,"29":2,"30":2,"31":2,"32":2,"33":2,"34":1,"35":1,"36":5,"37":5},"f":{"0":3,"1":1,"2":1,"3":1,"4":1,"5":1,"6":1,"7":1,"8":1,"9":1,"10":2,"11":3,"12":2,"13":2,"14":2,"15":1},"b":{"0":[1,0]}}
,"/Users/sagunsaluja/Desktop/assignemnt/UpdatedCode/lib/features/userActivity/userActivityThunk.ts": {"path":"/Users/sagunsaluja/Desktop/assignemnt/UpdatedCode/lib/features/userActivity/userActivityThunk.ts","statementMap":{"0":{"start":{"line":66,"column":13},"end":{"line":66,"column":29}},"1":{"start":{"line":18,"column":13},"end":{"line":18,"column":30}},"2":{"start":{"line":35,"column":13},"end":{"line":35,"column":34}},"3":{"start":{"line":1,"column":33},"end":{"line":1,"column":null}},"4":{"start":{"line":2,"column":27},"end":{"line":2,"column":null}},"5":{"start":{"line":3,"column":31},"end":{"line":3,"column":null}},"6":{"start":{"line":5,"column":59},"end":{"line":5,"column":null}},"7":{"start":{"line":8,"column":33},"end":{"line":8,"column":null}},"8":{"start":{"line":10,"column":25},"end":{"line":15,"column":null}},"9":{"start":{"line":11,"column":2},"end":{"line":13,"column":null}},"10":{"start":{"line":12,"column":4},"end":{"line":12,"column":null}},"11":{"start":{"line":14,"column":2},"end":{"line":14,"column":null}},"12":{"start":{"line":18,"column":33},"end":{"line":31,"column":null}},"13":{"start":{"line":21,"column":4},"end":{"line":30,"column":null}},"14":{"start":{"line":22,"column":23},"end":{"line":22,"column":null}},"15":{"start":{"line":23,"column":6},"end":{"line":25,"column":null}},"16":{"start":{"line":24,"column":8},"end":{"line":24,"column":null}},"17":{"start":{"line":26,"column":19},"end":{"line":26,"column":null}},"18":{"start":{"line":27,"column":6},"end":{"line":27,"column":null}},"19":{"start":{"line":29,"column":6},"end":{"line":29,"column":null}},"20":{"start":{"line":35,"column":37},"end":{"line":62,"column":null}},"21":{"start":{"line":39,"column":19},"end":{"line":39,"column":null}},"22":{"start":{"line":41,"column":4},"end":{"line":61,"column":null}},"23":{"start":{"line":42,"column":6},"end":{"line":44,"column":null}},"24":{"start":{"line":43,"column":8},"end":{"line":43,"column":null}},"25":{"start":{"line":47,"column":6},"end":{"line":49,"column":null}},"26":{"start":{"line":48,"column":8},"end":{"line":48,"column":null}},"27":{"start":{"line":51,"column":6},"end":{"line":54,"column":null}},"28":{"start":{"line":52,"column":8},"end":{"line":52,"column":null}},"29":{"start":{"line":53,"column":8},"end":{"line":53,"column":null}},"30":{"start":{"line":57,"column":6},"end":{"line":60,"column":null}},"31":{"start":{"line":58,"column":8},"end":{"line":58,"column":null}},"32":{"start":{"line":59,"column":8},"end":{"line":59,"column":null}},"33":{"start":{"line":66,"column":32},"end":{"line":71,"column":null}},"34":{"start":{"line":67,"column":2},"end":{"line":70,"column":null}},"35":{"start":{"line":68,"column":4},"end":{"line":68,"column":null}},"36":{"start":{"line":69,"column":4},"end":{"line":69,"column":null}}},"fnMap":{"0":{"name":"(anonymous_4)","decl":{"start":{"line":10,"column":25},"end":{"line":10,"column":null}},"loc":{"start":{"line":10,"column":25},"end":{"line":15,"column":null}}},"1":{"name":"(anonymous_5)","decl":{"start":{"line":20,"column":2},"end":{"line":20,"column":9}},"loc":{"start":{"line":20,"column":31},"end":{"line":31,"column":null}}},"2":{"name":"(anonymous_6)","decl":{"start":{"line":37,"column":2},"end":{"line":37,"column":9}},"loc":{"start":{"line":37,"column":24},"end":{"line":62,"column":null}}},"3":{"name":"(anonymous_7)","decl":{"start":{"line":41,"column":29},"end":{"line":41,"column":30}},"loc":{"start":{"line":41,"column":39},"end":{"line":61,"column":null}}},"4":{"name":"(anonymous_8)","decl":{"start":{"line":47,"column":34},"end":{"line":47,"column":35}},"loc":{"start":{"line":47,"column":35},"end":{"line":49,"column":null}}},"5":{"name":"(anonymous_9)","decl":{"start":{"line":51,"column":27},"end":{"line":51,"column":null}},"loc":{"start":{"line":51,"column":27},"end":{"line":54,"column":null}}},"6":{"name":"(anonymous_10)","decl":{"start":{"line":57,"column":33},"end":{"line":57,"column":34}},"loc":{"start":{"line":57,"column":34},"end":{"line":60,"column":null}}},"7":{"name":"(anonymous_11)","decl":{"start":{"line":66,"column":32},"end":{"line":66,"column":null}},"loc":{"start":{"line":66,"column":32},"end":{"line":71,"column":null}}}},"branchMap":{"0":{"loc":{"start":{"line":11,"column":2},"end":{"line":13,"column":null}},"type":"if","locations":[{"start":{"line":11,"column":2},"end":{"line":13,"column":null}}]},"1":{"loc":{"start":{"line":23,"column":6},"end":{"line":25,"column":null}},"type":"if","locations":[{"start":{"line":23,"column":6},"end":{"line":25,"column":null}}]},"2":{"loc":{"start":{"line":42,"column":6},"end":{"line":44,"column":null}},"type":"if","locations":[{"start":{"line":42,"column":6},"end":{"line":44,"column":null}}]},"3":{"loc":{"start":{"line":67,"column":2},"end":{"line":70,"column":null}},"type":"if","locations":[{"start":{"line":67,"column":2},"end":{"line":70,"column":null}}]}},"s":{"0":0,"1":11,"2":7,"3":5,"4":5,"5":5,"6":5,"7":5,"8":5,"9":1,"10":1,"11":1,"12":5,"13":2,"14":2,"15":2,"16":1,"17":1,"18":1,"19":1,"20":5,"21":1,"22":1,"23":1,"24":0,"25":1,"26":1,"27":1,"28":1,"29":1,"30":1,"31":0,"32":0,"33":5,"34":0,"35":0,"36":0},"f":{"0":1,"1":2,"2":1,"3":1,"4":1,"5":1,"6":0,"7":0},"b":{"0":[1],"1":[1],"2":[0],"3":[0]}}
}
