TN:
SF:components/activity-filter.tsx
FN:17,(anonymous_2)
FNF:1
FNH:1
FNDA:6,(anonymous_2)
DA:6,1
DA:7,1
DA:8,1
DA:9,1
DA:15,1
DA:17,1
DA:31,6
DA:34,6
DA:90,5
LF:9
LH:9
BRDA:34,0,0,6
BRDA:34,0,1,4
BRDA:34,0,2,4
BRDA:34,0,3,4
BRDA:34,0,4,4
BRDA:44,1,0,6
BRF:6
BRH:6
end_of_record
TN:
SF:components/activity-table.tsx
FN:11,(anonymous_2)
FN:18,(anonymous_3)
FN:65,(anonymous_5)
FNF:3
FNH:3
FNDA:3,(anonymous_2)
FNDA:5,(anonymous_3)
FNDA:2,(anonymous_5)
DA:1,1
DA:2,1
DA:3,1
DA:4,1
DA:5,1
DA:6,1
DA:7,1
DA:8,1
DA:9,1
DA:11,1
DA:12,3
DA:14,3
DA:19,5
DA:36,2
DA:66,2
DA:77,1
DA:78,3
LF:17
LH:17
BRDA:14,0,0,1
BRDA:14,1,0,3
BRDA:14,1,1,1
BRDA:36,2,0,1
BRDA:42,3,0,1
BRDA:42,3,1,0
BRF:6
BRH:5
end_of_record
TN:
SF:components/dashboard.tsx
FN:6,(anonymous_4)
FN:6,(anonymous_5)
FN:7,(anonymous_6)
FN:7,(anonymous_7)
FN:8,(anonymous_8)
FN:8,(anonymous_9)
FN:10,(anonymous_10)
FNF:7
FNH:7
FNDA:1,(anonymous_4)
FNDA:1,(anonymous_5)
FNDA:1,(anonymous_6)
FNDA:1,(anonymous_7)
FNDA:1,(anonymous_8)
FNDA:1,(anonymous_9)
FNDA:4,(anonymous_10)
DA:3,1
DA:4,1
DA:6,2
DA:7,2
DA:8,2
DA:10,1
DA:42,3
LF:7
LH:7
BRF:0
BRH:0
end_of_record
TN:
SF:components/header.tsx
FNF:0
FNH:0
DA:1,1
DA:2,1
DA:16,3
LF:3
LH:3
BRF:0
BRH:0
end_of_record
TN:
SF:components/mode-toggle.tsx
FN:8,(anonymous_1)
FN:13,(anonymous_2)
FNF:2
FNH:2
FNDA:3,(anonymous_1)
FNDA:1,(anonymous_2)
DA:3,1
DA:4,1
DA:5,1
DA:6,1
DA:8,3
DA:9,3
DA:10,3
DA:13,1
LF:8
LH:8
BRDA:14,0,0,0
BRF:1
BRH:0
end_of_record
TN:
SF:components/theme-provider.tsx
FN:10,(anonymous_4)
FN:14,(anonymous_5)
FNF:2
FNH:2
FNDA:6,(anonymous_4)
FNDA:3,(anonymous_5)
DA:3,1
DA:7,1
DA:8,1
DA:10,3
DA:11,6
DA:12,6
DA:14,6
DA:15,3
DA:18,6
DA:19,3
LF:10
LH:10
BRDA:18,0,0,3
BRF:1
BRH:1
end_of_record
TN:
SF:components/activity/activity-badge.tsx
FN:4,(anonymous_1)
FNF:1
FNH:1
FNDA:11,(anonymous_1)
DA:1,3
DA:4,11
DA:5,11
DA:57,1
LF:4
LH:4
BRDA:5,0,0,1
BRF:1
BRH:1
end_of_record
TN:
SF:components/activity/activity-icon.tsx
FN:10,(anonymous_1)
FNF:1
FNH:1
FNDA:11,(anonymous_1)
DA:8,3
DA:10,11
DA:11,11
DA:23,1
LF:4
LH:4
BRDA:10,0,0,11
BRDA:11,1,0,1
BRF:2
BRH:2
end_of_record
TN:
SF:components/activity/activity-row.tsx
FN:7,(anonymous_1)
FNF:1
FNH:1
FNDA:5,(anonymous_1)
DA:1,2
DA:2,2
DA:3,2
DA:4,2
DA:7,5
DA:8,5
DA:9,5
DA:10,5
DA:12,5
DA:41,2
LF:10
LH:10
BRDA:16,0,0,5
BRDA:16,0,1,0
BRF:2
BRH:1
end_of_record
TN:
SF:components/filter/activity-type-filter.tsx
FN:10,(anonymous_3)
FN:15,(anonymous_4)
FNF:2
FNH:1
FNDA:10,(anonymous_3)
FNDA:0,(anonymous_4)
DA:1,1
DA:2,1
DA:11,10
DA:15,0
DA:27,6
LF:5
LH:4
BRDA:20,0,0,10
BRDA:20,0,1,10
BRF:2
BRH:2
end_of_record
TN:
SF:components/filter/checkbox.tsx
FN:5,(anonymous_2)
FNF:1
FNH:0
FNDA:0,(anonymous_2)
DA:1,1
DA:5,0
DA:8,10
LF:3
LH:2
BRF:0
BRH:0
end_of_record
TN:
SF:components/filter/date-picker.tsx
FN:34,(anonymous_2)
FNF:1
FNH:0
FNDA:0,(anonymous_2)
DA:1,1
DA:2,1
DA:3,1
DA:4,1
DA:5,1
DA:7,1
DA:35,0
DA:36,0
DA:37,0
DA:48,12
LF:10
LH:7
BRDA:23,0,0,10
BRDA:23,0,1,10
BRDA:27,1,0,0
BRDA:36,2,0,0
BRF:4
BRH:2
end_of_record
TN:
SF:components/filter/index.ts
FNF:0
FNH:0
DA:1,1
DA:2,12
DA:3,6
DA:4,6
DA:5,6
LF:5
LH:5
BRF:0
BRH:0
end_of_record
TN:
SF:components/filter/preset-filter.tsx
FN:23,(anonymous_2)
FN:26,(anonymous_3)
FNF:2
FNH:1
FNDA:15,(anonymous_2)
FNDA:0,(anonymous_3)
DA:1,1
DA:2,1
DA:8,1
DA:24,15
DA:26,0
DA:38,6
LF:6
LH:5
BRDA:19,0,0,5
BRDA:19,0,1,4
BRDA:28,1,0,15
BRF:3
BRH:3
end_of_record
TN:
SF:components/filter/search-input.tsx
FNF:0
FNH:0
DA:1,1
DA:20,6
LF:2
LH:2
BRF:0
BRH:0
end_of_record
TN:
SF:lib/consts.ts
FNF:0
FNH:0
DA:1,5
DA:2,5
DA:3,5
LF:3
LH:3
BRDA:1,0,0,5
BRDA:1,0,1,0
BRF:2
BRH:1
end_of_record
TN:
SF:lib/hooks.ts
FN:8,(anonymous_5)
FN:14,(anonymous_6)
FN:16,(anonymous_7)
FN:20,(anonymous_8)
FN:25,(anonymous_9)
FNF:5
FNH:0
FNDA:0,(anonymous_5)
FNDA:0,(anonymous_6)
FNDA:0,(anonymous_7)
FNDA:0,(anonymous_8)
FNDA:0,(anonymous_9)
DA:2,2
DA:4,2
DA:5,2
DA:8,2
DA:11,2
DA:14,2
DA:15,0
DA:16,0
DA:20,2
DA:21,0
DA:22,0
DA:25,0
LF:12
LH:7
BRF:0
BRH:0
end_of_record
TN:
SF:lib/store.ts
FNF:0
FNH:0
DA:1,0
DA:2,0
DA:3,0
DA:5,0
LF:4
LH:0
BRF:0
BRH:0
end_of_record
TN:
SF:lib/utils.ts
FN:4,cn
FNF:1
FNH:1
FNDA:149,cn
DA:1,5
DA:2,5
DA:4,149
DA:5,149
LF:4
LH:4
BRF:0
BRH:0
end_of_record
TN:
SF:lib/features/uiSlice.ts
FN:6,(anonymous_5)
FN:30,(anonymous_6)
FN:43,(anonymous_7)
FN:63,(anonymous_8)
FNF:4
FNH:4
FNDA:2,(anonymous_5)
FNDA:1,(anonymous_6)
FNDA:2,(anonymous_7)
FNDA:6,(anonymous_8)
DA:1,2
DA:6,2
DA:7,2
DA:8,2
DA:9,2
DA:10,0
DA:14,2
DA:15,0
DA:19,2
DA:22,2
DA:26,2
DA:31,1
DA:32,1
DA:33,1
DA:36,1
DA:37,1
DA:39,0
DA:44,2
DA:45,2
DA:47,2
DA:48,2
DA:51,2
DA:52,1
DA:54,1
DA:61,4
DA:63,6
DA:65,4
LF:27
LH:24
BRDA:7,0,0,2
BRDA:9,1,0,0
BRDA:9,2,0,2
BRDA:9,2,1,2
BRDA:14,3,0,0
BRDA:32,4,0,1
BRDA:36,5,0,1
BRDA:36,5,1,0
BRDA:44,6,0,1
BRDA:44,6,1,1
BRDA:47,7,0,2
BRDA:51,8,0,1
BRDA:51,8,1,1
BRF:13
BRH:10
end_of_record
TN:
SF:lib/features/userActivity/index.ts
FNF:0
FNH:0
DA:2,2
DA:3,2
DA:12,2
DA:17,0
DA:18,0
DA:19,0
DA:20,0
DA:21,0
DA:24,0
DA:25,0
DA:26,0
DA:29,0
DA:30,0
DA:31,0
DA:32,0
DA:33,0
DA:34,0
DA:35,0
DA:44,2
LF:19
LH:4
BRF:0
BRH:0
end_of_record
TN:
SF:lib/features/userActivity/userActivitySelector.ts
FN:10,(anonymous_11)
FN:11,(anonymous_12)
FN:12,(anonymous_13)
FN:13,(anonymous_14)
FN:16,(anonymous_15)
FN:26,(anonymous_16)
FN:31,(anonymous_17)
FN:36,(anonymous_18)
FN:42,(anonymous_19)
FN:50,(anonymous_20)
FN:62,(anonymous_21)
FN:65,(anonymous_22)
FN:71,(anonymous_23)
FN:80,(anonymous_24)
FN:89,(anonymous_25)
FN:92,(anonymous_26)
FN:92,(anonymous_27)
FN:96,(anonymous_28)
FN:99,(anonymous_29)
FN:99,(anonymous_30)
FN:103,(anonymous_31)
FN:106,(anonymous_32)
FN:106,(anonymous_33)
FNF:23
FNH:21
FNDA:2,(anonymous_11)
FNDA:4,(anonymous_12)
FNDA:0,(anonymous_13)
FNDA:0,(anonymous_14)
FNDA:13,(anonymous_15)
FNDA:3,(anonymous_16)
FNDA:3,(anonymous_17)
FNDA:3,(anonymous_18)
FNDA:2,(anonymous_19)
FNDA:3,(anonymous_20)
FNDA:1,(anonymous_21)
FNDA:1,(anonymous_22)
FNDA:1,(anonymous_23)
FNDA:3,(anonymous_24)
FNDA:1,(anonymous_25)
FNDA:1,(anonymous_26)
FNDA:3,(anonymous_27)
FNDA:1,(anonymous_28)
FNDA:1,(anonymous_29)
FNDA:3,(anonymous_30)
FNDA:1,(anonymous_31)
FNDA:1,(anonymous_32)
FNDA:3,(anonymous_33)
DA:1,3
DA:3,3
DA:7,3
DA:10,3
DA:11,4
DA:12,3
DA:13,3
DA:16,3
DA:17,13
DA:19,3
DA:20,3
DA:21,3
DA:24,3
DA:27,3
DA:30,3
DA:31,3
DA:35,3
DA:36,1
DA:37,3
DA:41,3
DA:42,1
DA:43,2
DA:48,3
DA:49,1
DA:50,1
DA:51,3
DA:57,3
DA:62,3
DA:63,1
DA:65,1
DA:69,3
DA:72,1
DA:80,1
DA:81,3
DA:84,1
DA:89,3
DA:90,1
DA:92,3
DA:96,3
DA:97,1
DA:99,3
DA:103,3
DA:104,1
DA:106,1
DA:107,3
LF:45
LH:45
BRDA:30,0,0,1
BRDA:35,1,0,1
BRDA:41,2,0,1
BRDA:48,3,0,1
BRDA:51,4,0,3
BRDA:51,4,1,2
BRDA:51,4,2,2
BRDA:107,5,0,3
BRDA:107,5,1,2
BRF:9
BRH:9
end_of_record
TN:
SF:lib/features/userActivity/userActivitySlice.ts
FN:12,(anonymous_12)
FN:39,(anonymous_13)
FN:44,(anonymous_14)
FN:49,(anonymous_15)
FN:55,(anonymous_16)
FN:58,(anonymous_17)
FN:64,(anonymous_18)
FN:67,(anonymous_19)
FN:80,(anonymous_20)
FN:83,(anonymous_21)
FN:87,(anonymous_22)
FN:90,(anonymous_23)
FN:93,(anonymous_24)
FN:98,(anonymous_25)
FN:103,(anonymous_26)
FN:106,(anonymous_27)
FNF:16
FNH:16
FNDA:3,(anonymous_12)
FNDA:1,(anonymous_13)
FNDA:1,(anonymous_14)
FNDA:1,(anonymous_15)
FNDA:1,(anonymous_16)
FNDA:1,(anonymous_17)
FNDA:1,(anonymous_18)
FNDA:1,(anonymous_19)
FNDA:1,(anonymous_20)
FNDA:1,(anonymous_21)
FNDA:2,(anonymous_22)
FNDA:3,(anonymous_23)
FNDA:2,(anonymous_24)
FNDA:2,(anonymous_25)
FNDA:2,(anonymous_26)
FNDA:1,(anonymous_27)
DA:5,5
DA:7,5
DA:10,5
DA:13,3
DA:17,5
DA:34,5
DA:40,1
DA:45,1
DA:53,1
DA:56,1
DA:62,1
DA:65,1
DA:68,1
DA:81,1
DA:84,1
DA:88,2
DA:91,3
DA:94,2
DA:95,2
DA:96,2
DA:99,2
DA:100,2
DA:104,2
DA:107,1
DA:108,1
DA:115,1
DA:116,1
DA:117,1
DA:118,1
DA:119,1
DA:120,1
DA:121,1
DA:122,1
DA:123,1
DA:124,5
DA:126,18
LF:36
LH:36
BRDA:81,0,0,1
BRDA:81,0,1,0
BRF:2
BRH:1
end_of_record
TN:
SF:lib/features/userActivity/userActivityThunk.ts
FN:10,(anonymous_4)
FN:20,(anonymous_5)
FN:37,(anonymous_6)
FN:41,(anonymous_7)
FN:47,(anonymous_8)
FN:51,(anonymous_9)
FN:57,(anonymous_10)
FN:66,(anonymous_11)
FNF:8
FNH:6
FNDA:1,(anonymous_4)
FNDA:2,(anonymous_5)
FNDA:1,(anonymous_6)
FNDA:1,(anonymous_7)
FNDA:1,(anonymous_8)
FNDA:1,(anonymous_9)
FNDA:0,(anonymous_10)
FNDA:0,(anonymous_11)
DA:1,5
DA:2,5
DA:3,5
DA:5,5
DA:8,5
DA:10,5
DA:11,1
DA:12,1
DA:14,1
DA:18,11
DA:21,2
DA:22,2
DA:23,2
DA:24,1
DA:26,1
DA:27,1
DA:29,1
DA:35,7
DA:39,1
DA:41,1
DA:42,1
DA:43,0
DA:47,1
DA:48,1
DA:51,1
DA:52,1
DA:53,1
DA:57,1
DA:58,0
DA:59,0
DA:66,5
DA:67,0
DA:68,0
DA:69,0
LF:34
LH:28
BRDA:11,0,0,1
BRDA:23,1,0,1
BRDA:42,2,0,0
BRDA:67,3,0,0
BRF:4
BRH:2
end_of_record
